2018-08-12 13:43:55.798  INFO 18888 --- [restartedMain] com.example.demo1.Demo1Application       : Starting Demo1Application on DESKTOP-HT488O7 with PID 18888 (G:\work\demo1\sdemo\out\production\classes started by Shrawan in G:\work\demo1\sdemo)
2018-08-12 13:43:55.807  INFO 18888 --- [restartedMain] com.example.demo1.Demo1Application       : No active profile set, falling back to default profiles: default
2018-08-12 13:43:55.882  INFO 18888 --- [restartedMain] ConfigServletWebServerApplicationContext : Refreshing org.springframework.boot.web.servlet.context.AnnotationConfigServletWebServerApplicationContext@68bc524d: startup date [Sun Aug 12 13:43:55 NPT 2018]; root of context hierarchy
2018-08-12 13:43:57.771  INFO 18888 --- [restartedMain] trationDelegate$BeanPostProcessorChecker : Bean 'org.springframework.transaction.annotation.ProxyTransactionManagementConfiguration' of type [org.springframework.transaction.annotation.ProxyTransactionManagementConfiguration$$EnhancerBySpringCGLIB$$3b47e500] is not eligible for getting processed by all BeanPostProcessors (for example: not eligible for auto-proxying)
2018-08-12 13:43:57.826  INFO 18888 --- [restartedMain] trationDelegate$BeanPostProcessorChecker : Bean 'org.springframework.security.config.annotation.configuration.ObjectPostProcessorConfiguration' of type [org.springframework.security.config.annotation.configuration.ObjectPostProcessorConfiguration$$EnhancerBySpringCGLIB$$d3f5ad3a] is not eligible for getting processed by all BeanPostProcessors (for example: not eligible for auto-proxying)
2018-08-12 13:43:57.835  INFO 18888 --- [restartedMain] trationDelegate$BeanPostProcessorChecker : Bean 'objectPostProcessor' of type [org.springframework.security.config.annotation.configuration.AutowireBeanFactoryObjectPostProcessor] is not eligible for getting processed by all BeanPostProcessors (for example: not eligible for auto-proxying)
2018-08-12 13:43:57.836  INFO 18888 --- [restartedMain] trationDelegate$BeanPostProcessorChecker : Bean 'org.springframework.security.access.expression.method.DefaultMethodSecurityExpressionHandler@31097951' of type [org.springframework.security.access.expression.method.DefaultMethodSecurityExpressionHandler] is not eligible for getting processed by all BeanPostProcessors (for example: not eligible for auto-proxying)
2018-08-12 13:43:57.843  INFO 18888 --- [restartedMain] trationDelegate$BeanPostProcessorChecker : Bean 'org.springframework.security.config.annotation.method.configuration.GlobalMethodSecurityConfiguration' of type [org.springframework.security.config.annotation.method.configuration.GlobalMethodSecurityConfiguration$$EnhancerBySpringCGLIB$$f8ca4fec] is not eligible for getting processed by all BeanPostProcessors (for example: not eligible for auto-proxying)
2018-08-12 13:43:57.851  INFO 18888 --- [restartedMain] trationDelegate$BeanPostProcessorChecker : Bean 'methodSecurityMetadataSource' of type [org.springframework.security.access.method.DelegatingMethodSecurityMetadataSource] is not eligible for getting processed by all BeanPostProcessors (for example: not eligible for auto-proxying)
2018-08-12 13:43:58.578  INFO 18888 --- [restartedMain] o.s.b.w.embedded.tomcat.TomcatWebServer  : Tomcat initialized with port(s): 8080 (http)
2018-08-12 13:43:58.620  INFO 18888 --- [restartedMain] o.apache.catalina.core.StandardService   : Starting service [Tomcat]
2018-08-12 13:43:58.620  INFO 18888 --- [restartedMain] org.apache.catalina.core.StandardEngine  : Starting Servlet Engine: Apache Tomcat/8.5.31
2018-08-12 13:43:58.689  INFO 18888 --- [localhost-startStop-1] o.a.catalina.core.AprLifecycleListener   : The APR based Apache Tomcat Native library which allows optimal performance in production environments was not found on the java.library.path: [C:\Program Files\Java\jdk1.8.0_73\bin;C:\WINDOWS\Sun\Java\bin;C:\WINDOWS\system32;C:\WINDOWS;C:\ProgramData\Oracle\Java\javapath;C:\Windows\system32;C:\Windows;C:\Windows\System32\Wbem;C:\Windows\System32\WindowsPowerShell\v1.0\;C:\Program Files (x86)\NVIDIA Corporation\PhysX\Common;C:\Users\Shrawan\Downloads\Compressed\apache-maven-3.5.3\bin;C:\Program Files\Git\cmd;C:\WINDOWS\system32;C:\WINDOWS;C:\WINDOWS\System32\Wbem;C:\WINDOWS\System32\WindowsPowerShell\v1.0\;C:\WINDOWS\System32\OpenSSH\;C:\PostgreSQL\pg10\bin;C:\Program Files\nodejs\;C:\Program Files\Microsoft VS Code\bin;C:\Program Files (x86)\GitExtensions\;C:\Users\Shrawan\AppData\Local\Microsoft\WindowsApps;C:\Program Files\Microsoft VS Code\bin;C:\Program Files\Heroku\bin;C:\Users\Shrawan\AppData\Local\hyper\app-2.0.0\resources\bin;C:\Users\Shrawan\AppData\Roaming\npm;.]
2018-08-12 13:43:58.825  INFO 18888 --- [localhost-startStop-1] o.a.c.c.C.[Tomcat].[localhost].[/api]    : Initializing Spring embedded WebApplicationContext
2018-08-12 13:43:58.825  INFO 18888 --- [localhost-startStop-1] o.s.web.context.ContextLoader            : Root WebApplicationContext: initialization completed in 2943 ms
2018-08-12 13:43:59.101  INFO 18888 --- [localhost-startStop-1] com.zaxxer.hikari.HikariDataSource       : HikariPool-1 - Starting...
2018-08-12 13:43:59.361  INFO 18888 --- [localhost-startStop-1] com.zaxxer.hikari.HikariDataSource       : HikariPool-1 - Start completed.
2018-08-12 13:43:59.416  INFO 18888 --- [localhost-startStop-1] j.LocalContainerEntityManagerFactoryBean : Building JPA container EntityManagerFactory for persistence unit 'default'
2018-08-12 13:43:59.442  INFO 18888 --- [localhost-startStop-1] o.hibernate.jpa.internal.util.LogHelper  : HHH000204: Processing PersistenceUnitInfo [
	name: default
	...]
2018-08-12 13:43:59.568  INFO 18888 --- [localhost-startStop-1] org.hibernate.Version                    : HHH000412: Hibernate Core {5.2.17.Final}
2018-08-12 13:43:59.572  INFO 18888 --- [localhost-startStop-1] org.hibernate.cfg.Environment            : HHH000206: hibernate.properties not found
2018-08-12 13:43:59.639  INFO 18888 --- [localhost-startStop-1] o.hibernate.annotations.common.Version   : HCANN000001: Hibernate Commons Annotations {5.0.1.Final}
2018-08-12 13:43:59.829  INFO 18888 --- [localhost-startStop-1] org.hibernate.dialect.Dialect            : HHH000400: Using dialect: org.hibernate.dialect.MySQL5InnoDBDialect
2018-08-12 13:44:00.622  INFO 18888 --- [localhost-startStop-1] j.LocalContainerEntityManagerFactoryBean : Initialized JPA EntityManagerFactory for persistence unit 'default'
2018-08-12 13:44:01.519  INFO 18888 --- [localhost-startStop-1] o.s.b.w.servlet.FilterRegistrationBean   : Mapping filter: 'corsFilter' to: [/*]
2018-08-12 13:44:01.520  INFO 18888 --- [localhost-startStop-1] o.s.b.w.servlet.FilterRegistrationBean   : Mapping filter: 'characterEncodingFilter' to: [/*]
2018-08-12 13:44:01.520  INFO 18888 --- [localhost-startStop-1] o.s.b.w.servlet.FilterRegistrationBean   : Mapping filter: 'hiddenHttpMethodFilter' to: [/*]
2018-08-12 13:44:01.520  INFO 18888 --- [localhost-startStop-1] o.s.b.w.servlet.FilterRegistrationBean   : Mapping filter: 'httpPutFormContentFilter' to: [/*]
2018-08-12 13:44:01.520  INFO 18888 --- [localhost-startStop-1] o.s.b.w.servlet.FilterRegistrationBean   : Mapping filter: 'requestContextFilter' to: [/*]
2018-08-12 13:44:01.521  INFO 18888 --- [localhost-startStop-1] .s.DelegatingFilterProxyRegistrationBean : Mapping filter: 'springSecurityFilterChain' to: [/*]
2018-08-12 13:44:01.521  INFO 18888 --- [localhost-startStop-1] o.s.b.w.servlet.ServletRegistrationBean  : Servlet dispatcherServlet mapped to [/]
2018-08-12 13:44:01.783  INFO 18888 --- [restartedMain] .s.o.p.e.FrameworkEndpointHandlerMapping : Mapped "{[/oauth/authorize]}" onto public org.springframework.web.servlet.ModelAndView org.springframework.security.oauth2.provider.endpoint.AuthorizationEndpoint.authorize(java.util.Map<java.lang.String, java.lang.Object>,java.util.Map<java.lang.String, java.lang.String>,org.springframework.web.bind.support.SessionStatus,java.security.Principal)
2018-08-12 13:44:01.784  INFO 18888 --- [restartedMain] .s.o.p.e.FrameworkEndpointHandlerMapping : Mapped "{[/oauth/authorize],methods=[POST],params=[user_oauth_approval]}" onto public org.springframework.web.servlet.View org.springframework.security.oauth2.provider.endpoint.AuthorizationEndpoint.approveOrDeny(java.util.Map<java.lang.String, java.lang.String>,java.util.Map<java.lang.String, ?>,org.springframework.web.bind.support.SessionStatus,java.security.Principal)
2018-08-12 13:44:01.786  INFO 18888 --- [restartedMain] .s.o.p.e.FrameworkEndpointHandlerMapping : Mapped "{[/oauth/token],methods=[GET]}" onto public org.springframework.http.ResponseEntity<org.springframework.security.oauth2.common.OAuth2AccessToken> org.springframework.security.oauth2.provider.endpoint.TokenEndpoint.getAccessToken(java.security.Principal,java.util.Map<java.lang.String, java.lang.String>) throws org.springframework.web.HttpRequestMethodNotSupportedException
2018-08-12 13:44:01.786  INFO 18888 --- [restartedMain] .s.o.p.e.FrameworkEndpointHandlerMapping : Mapped "{[/oauth/token],methods=[POST]}" onto public org.springframework.http.ResponseEntity<org.springframework.security.oauth2.common.OAuth2AccessToken> org.springframework.security.oauth2.provider.endpoint.TokenEndpoint.postAccessToken(java.security.Principal,java.util.Map<java.lang.String, java.lang.String>) throws org.springframework.web.HttpRequestMethodNotSupportedException
2018-08-12 13:44:01.787  INFO 18888 --- [restartedMain] .s.o.p.e.FrameworkEndpointHandlerMapping : Mapped "{[/oauth/check_token]}" onto public java.util.Map<java.lang.String, ?> org.springframework.security.oauth2.provider.endpoint.CheckTokenEndpoint.checkToken(java.lang.String)
2018-08-12 13:44:01.787  INFO 18888 --- [restartedMain] .s.o.p.e.FrameworkEndpointHandlerMapping : Mapped "{[/oauth/confirm_access]}" onto public org.springframework.web.servlet.ModelAndView org.springframework.security.oauth2.provider.endpoint.WhitelabelApprovalEndpoint.getAccessConfirmation(java.util.Map<java.lang.String, java.lang.Object>,javax.servlet.http.HttpServletRequest) throws java.lang.Exception
2018-08-12 13:44:01.788  INFO 18888 --- [restartedMain] .s.o.p.e.FrameworkEndpointHandlerMapping : Mapped "{[/oauth/error]}" onto public org.springframework.web.servlet.ModelAndView org.springframework.security.oauth2.provider.endpoint.WhitelabelErrorEndpoint.handleError(javax.servlet.http.HttpServletRequest)
2018-08-12 13:44:02.350  INFO 18888 --- [restartedMain] o.s.s.web.DefaultSecurityFilterChain     : Creating filter chain: OrRequestMatcher [requestMatchers=[Ant [pattern='/oauth/token'], Ant [pattern='/oauth/token_key'], Ant [pattern='/oauth/check_token']]], [org.springframework.security.web.context.request.async.WebAsyncManagerIntegrationFilter@33069394, org.springframework.security.web.context.SecurityContextPersistenceFilter@7d38390c, org.springframework.security.web.header.HeaderWriterFilter@6636cf30, org.springframework.security.web.authentication.logout.LogoutFilter@7d8a163e, org.springframework.security.web.authentication.www.BasicAuthenticationFilter@704cdcf5, org.springframework.security.web.savedrequest.RequestCacheAwareFilter@564c484, org.springframework.security.web.servletapi.SecurityContextHolderAwareRequestFilter@34418c8d, org.springframework.security.web.authentication.AnonymousAuthenticationFilter@3ae2d2bb, org.springframework.security.web.session.SessionManagementFilter@1c88cad, org.springframework.security.web.access.ExceptionTranslationFilter@386d1cf2, org.springframework.security.web.access.intercept.FilterSecurityInterceptor@2b132726]
2018-08-12 13:44:02.371  INFO 18888 --- [restartedMain] o.s.s.web.DefaultSecurityFilterChain     : Creating filter chain: org.springframework.security.oauth2.config.annotation.web.configuration.ResourceServerConfiguration$NotOAuthRequestMatcher@52bedb0f, [org.springframework.security.web.context.request.async.WebAsyncManagerIntegrationFilter@38df9872, org.springframework.security.web.context.SecurityContextPersistenceFilter@7127ccad, org.springframework.security.web.header.HeaderWriterFilter@65625d6d, org.springframework.security.web.authentication.logout.LogoutFilter@399a6984, org.springframework.security.oauth2.provider.authentication.OAuth2AuthenticationProcessingFilter@39ed5479, org.springframework.security.web.savedrequest.RequestCacheAwareFilter@15caa69d, org.springframework.security.web.servletapi.SecurityContextHolderAwareRequestFilter@62b4087c, org.springframework.security.web.authentication.AnonymousAuthenticationFilter@34c65fe9, org.springframework.security.web.session.SessionManagementFilter@7ab42836, org.springframework.security.web.access.ExceptionTranslationFilter@5126b5e9, org.springframework.security.web.access.intercept.FilterSecurityInterceptor@5b1b0a7]
2018-08-12 13:44:02.374  INFO 18888 --- [restartedMain] o.s.s.web.DefaultSecurityFilterChain     : Creating filter chain: org.springframework.security.web.util.matcher.AnyRequestMatcher@1, [org.springframework.security.web.context.request.async.WebAsyncManagerIntegrationFilter@5fc02171, org.springframework.security.web.context.SecurityContextPersistenceFilter@17553b0c, org.springframework.security.web.header.HeaderWriterFilter@683e117c, org.springframework.security.web.authentication.logout.LogoutFilter@339aef88, org.springframework.security.web.savedrequest.RequestCacheAwareFilter@fdcddf, org.springframework.security.web.servletapi.SecurityContextHolderAwareRequestFilter@1850894d, org.springframework.security.web.session.SessionManagementFilter@3503dc4b, org.springframework.security.web.access.ExceptionTranslationFilter@3164db72, org.springframework.security.web.access.intercept.FilterSecurityInterceptor@1b5029e8]
2018-08-12 13:44:02.515  INFO 18888 --- [restartedMain] o.s.w.s.handler.SimpleUrlHandlerMapping  : Mapped URL path [/**/favicon.ico] onto handler of type [class org.springframework.web.servlet.resource.ResourceHttpRequestHandler]
2018-08-12 13:44:02.725  INFO 18888 --- [restartedMain] s.w.s.m.m.a.RequestMappingHandlerAdapter : Looking for @ControllerAdvice: org.springframework.boot.web.servlet.context.AnnotationConfigServletWebServerApplicationContext@68bc524d: startup date [Sun Aug 12 13:43:55 NPT 2018]; root of context hierarchy
2018-08-12 13:44:03.017  WARN 18888 --- [restartedMain] aWebConfiguration$JpaWebMvcConfiguration : spring.jpa.open-in-view is enabled by default. Therefore, database queries may be performed during view rendering. Explicitly configure spring.jpa.open-in-view to disable this warning
2018-08-12 13:44:03.050  INFO 18888 --- [restartedMain] s.w.s.m.m.a.RequestMappingHandlerMapping : Mapped "{[/rest/address/user/{id}],methods=[GET]}" onto public org.springframework.http.ResponseEntity<java.util.List<com.example.demo1.model.Address>> com.example.demo1.controller.AddressController.retrieveAddressByUser(long)
2018-08-12 13:44:03.051  INFO 18888 --- [restartedMain] s.w.s.m.m.a.RequestMappingHandlerMapping : Mapped "{[/rest/address],methods=[GET]}" onto public org.springframework.http.ResponseEntity<java.util.List<com.example.demo1.model.Address>> com.example.demo1.controller.AddressController.getAllAddress()
2018-08-12 13:44:03.051  INFO 18888 --- [restartedMain] s.w.s.m.m.a.RequestMappingHandlerMapping : Mapped "{[/rest/address/{id}],methods=[DELETE]}" onto public org.springframework.http.ResponseEntity<java.lang.Boolean> com.example.demo1.controller.AddressController.deleteAddress(long)
2018-08-12 13:44:03.051  INFO 18888 --- [restartedMain] s.w.s.m.m.a.RequestMappingHandlerMapping : Mapped "{[/rest/address],methods=[POST]}" onto public org.springframework.http.ResponseEntity<com.example.demo1.model.Address> com.example.demo1.controller.AddressController.createAddress(com.example.demo1.model.Address)
2018-08-12 13:44:03.051  INFO 18888 --- [restartedMain] s.w.s.m.m.a.RequestMappingHandlerMapping : Mapped "{[/rest/address/{id}],methods=[PUT]}" onto public org.springframework.http.ResponseEntity<java.lang.Boolean> com.example.demo1.controller.AddressController.updateAddress(com.example.demo1.model.Address,long)
2018-08-12 13:44:03.052  INFO 18888 --- [restartedMain] s.w.s.m.m.a.RequestMappingHandlerMapping : Mapped "{[/rest/address/{id}],methods=[GET]}" onto public org.springframework.http.ResponseEntity<com.example.demo1.model.Address> com.example.demo1.controller.AddressController.retrieveAddress(long)
2018-08-12 13:44:03.053  INFO 18888 --- [restartedMain] s.w.s.m.m.a.RequestMappingHandlerMapping : Mapped "{[/users],methods=[POST]}" onto public org.springframework.http.ResponseEntity<com.example.demo1.model.User> com.example.demo1.controller.UserController.createUser(com.example.demo1.model.User)
2018-08-12 13:44:03.053  INFO 18888 --- [restartedMain] s.w.s.m.m.a.RequestMappingHandlerMapping : Mapped "{[/rest/users/{id}],methods=[PUT]}" onto public org.springframework.http.ResponseEntity<java.lang.Boolean> com.example.demo1.controller.UserController.updateUser(com.example.demo1.model.User,long)
2018-08-12 13:44:03.053  INFO 18888 --- [restartedMain] s.w.s.m.m.a.RequestMappingHandlerMapping : Mapped "{[/rest/users/{id}],methods=[DELETE]}" onto public org.springframework.http.ResponseEntity<java.lang.Boolean> com.example.demo1.controller.UserController.deleteUser(long)
2018-08-12 13:44:03.053  INFO 18888 --- [restartedMain] s.w.s.m.m.a.RequestMappingHandlerMapping : Mapped "{[/rest/users/{id}],methods=[GET]}" onto public org.springframework.http.ResponseEntity<com.example.demo1.model.User> com.example.demo1.controller.UserController.retrieveUser(long)
2018-08-12 13:44:03.053  INFO 18888 --- [restartedMain] s.w.s.m.m.a.RequestMappingHandlerMapping : Mapped "{[/rest/users],methods=[GET]}" onto public org.springframework.http.ResponseEntity<java.util.List<com.example.demo1.model.User>> com.example.demo1.controller.UserController.retrieveAllUsers()
2018-08-12 13:44:03.055  INFO 18888 --- [restartedMain] s.w.s.m.m.a.RequestMappingHandlerMapping : Mapped "{[/error]}" onto public org.springframework.http.ResponseEntity<java.util.Map<java.lang.String, java.lang.Object>> org.springframework.boot.autoconfigure.web.servlet.error.BasicErrorController.error(javax.servlet.http.HttpServletRequest)
2018-08-12 13:44:03.056  INFO 18888 --- [restartedMain] s.w.s.m.m.a.RequestMappingHandlerMapping : Mapped "{[/error],produces=[text/html]}" onto public org.springframework.web.servlet.ModelAndView org.springframework.boot.autoconfigure.web.servlet.error.BasicErrorController.errorHtml(javax.servlet.http.HttpServletRequest,javax.servlet.http.HttpServletResponse)
2018-08-12 13:44:03.086  INFO 18888 --- [restartedMain] o.s.w.s.handler.SimpleUrlHandlerMapping  : Mapped URL path [/webjars/**] onto handler of type [class org.springframework.web.servlet.resource.ResourceHttpRequestHandler]
2018-08-12 13:44:03.086  INFO 18888 --- [restartedMain] o.s.w.s.handler.SimpleUrlHandlerMapping  : Mapped URL path [/**] onto handler of type [class org.springframework.web.servlet.resource.ResourceHttpRequestHandler]
2018-08-12 13:44:03.101  INFO 18888 --- [restartedMain] .m.m.a.ExceptionHandlerExceptionResolver : Detected @ExceptionHandler methods in exceptionHandlerController
2018-08-12 13:44:03.417  INFO 18888 --- [restartedMain] o.s.b.d.a.OptionalLiveReloadServer       : LiveReload server is running on port 35729
2018-08-12 13:44:03.456  INFO 18888 --- [restartedMain] o.s.j.e.a.AnnotationMBeanExporter        : Registering beans for JMX exposure on startup
2018-08-12 13:44:03.458  INFO 18888 --- [restartedMain] o.s.j.e.a.AnnotationMBeanExporter        : Bean with name 'dataSource' has been autodetected for JMX exposure
2018-08-12 13:44:03.464  INFO 18888 --- [restartedMain] o.s.j.e.a.AnnotationMBeanExporter        : Located MBean 'dataSource': registering with JMX server as MBean [com.zaxxer.hikari:name=dataSource,type=HikariDataSource]
2018-08-12 13:44:03.503  INFO 18888 --- [restartedMain] o.s.b.w.embedded.tomcat.TomcatWebServer  : Tomcat started on port(s): 8080 (http) with context path '/api'
2018-08-12 13:44:03.506  INFO 18888 --- [restartedMain] com.example.demo1.Demo1Application       : Started Demo1Application in 8.266 seconds (JVM running for 9.082)
2018-08-12 13:44:53.080  INFO 18888 --- [http-nio-8080-exec-1] o.a.c.c.C.[Tomcat].[localhost].[/api]    : Initializing Spring FrameworkServlet 'dispatcherServlet'
2018-08-12 13:44:53.080  INFO 18888 --- [http-nio-8080-exec-1] o.s.web.servlet.DispatcherServlet        : FrameworkServlet 'dispatcherServlet': initialization started
2018-08-12 13:44:53.109  INFO 18888 --- [http-nio-8080-exec-1] o.s.web.servlet.DispatcherServlet        : FrameworkServlet 'dispatcherServlet': initialization completed in 28 ms
2018-08-12 13:44:53.341  INFO 18888 --- [http-nio-8080-exec-1] o.s.s.o.provider.endpoint.TokenEndpoint  : Handling error: InvalidClientException, Given client ID does not match authenticated client
2018-08-12 13:44:53.413  WARN 18888 --- [http-nio-8080-exec-1] .m.m.a.ExceptionHandlerExceptionResolver : Resolved exception caused by Handler execution: error="invalid_client", error_description="Given client ID does not match authenticated client"
2018-08-12 13:45:08.190  INFO 18888 --- [http-nio-8080-exec-3] o.h.h.i.QueryTranslatorFactoryInitiator  : HHH000397: Using ASTQueryTranslatorFactory
2018-08-12 13:45:29.864  INFO 18888 --- [http-nio-8080-exec-4] c.e.demo1.controller.UserController      : Returning all the User´s
2018-08-12 13:45:39.660  WARN 18888 --- [http-nio-8080-exec-5] o.s.web.servlet.PageNotFound             : Request method 'PUT' not supported
2018-08-12 13:45:39.661  WARN 18888 --- [http-nio-8080-exec-5] .w.s.m.s.DefaultHandlerExceptionResolver : Resolved exception caused by Handler execution: org.springframework.web.HttpRequestMethodNotSupportedException: Request method 'PUT' not supported
2018-08-12 13:45:56.953  WARN 18888 --- [http-nio-8080-exec-6] o.s.web.servlet.PageNotFound             : Request method 'COPY' not supported
2018-08-12 13:45:56.953  WARN 18888 --- [http-nio-8080-exec-6] .w.s.m.s.DefaultHandlerExceptionResolver : Resolved exception caused by Handler execution: org.springframework.web.HttpRequestMethodNotSupportedException: Request method 'COPY' not supported
2018-08-12 13:46:54.233  WARN 18888 --- [http-nio-8080-exec-7] .m.m.a.ExceptionHandlerExceptionResolver : Resolved exception caused by Handler execution: org.springframework.web.bind.MethodArgumentNotValidException: Validation failed for argument at index 0 in method: public org.springframework.http.ResponseEntity<com.example.demo1.model.User> com.example.demo1.controller.UserController.createUser(com.example.demo1.model.User), with 1 error(s): [Field error in object 'user' on field 'password': rejected value [null]; codes [NotNull.user.password,NotNull.password,NotNull.java.lang.String,NotNull]; arguments [org.springframework.context.support.DefaultMessageSourceResolvable: codes [user.password,password]; arguments []; default message [password]]; default message [password must be specified.]] 
2018-08-12 13:51:41.676  WARN 18888 --- [http-nio-8080-exec-10] .m.m.a.ExceptionHandlerExceptionResolver : Resolved exception caused by Handler execution: org.springframework.web.bind.MethodArgumentNotValidException: Validation failed for argument at index 0 in method: public org.springframework.http.ResponseEntity<com.example.demo1.model.User> com.example.demo1.controller.UserController.createUser(com.example.demo1.model.User), with 1 error(s): [Field error in object 'user' on field 'username': rejected value []; codes [Size.user.username,Size.username,Size.java.lang.String,Size]; arguments [org.springframework.context.support.DefaultMessageSourceResolvable: codes [user.username,username]; arguments []; default message [username],50,2]; default message [username must be between 2 and 50.]] 
2018-08-12 14:34:45.257  WARN 18888 --- [HikariPool-1 housekeeper] com.zaxxer.hikari.pool.HikariPool        : HikariPool-1 - Thread starvation or clock leap detected (housekeeper delta=7m45s686ms372µs764ns).
